TN:
SF:/home/tony/work/solo/boravue/webpack-simple/src/test.js
FNF:0
FNH:0
DA:3,1
DA:4,1
DA:7,1
DA:8,1
LF:4
LH:4
BRF:0
BRH:0
end_of_record
TN:
SF:/home/tony/work/solo/boravue/webpack-simple/src/api/apimock.js
FN:,list_repos
FN:,list_issues
FN:,_mockasync
FN:,mocked
FN:,(anonymous_4)
FN:,(anonymous_5)
FNF:6
FNH:6
FNDA:1,list_repos
FNDA:1,list_issues
FNDA:2,_mockasync
FNDA:2,mocked
FNDA:2,(anonymous_4)
FNDA:2,(anonymous_5)
DA:7,1
DA:24,1
DA:38,2
DA:39,2
DA:40,2
DA:41,2
DA:45,2
LF:7
LH:7
BRF:0
BRH:0
end_of_record
TN:
SF:/home/tony/work/solo/boravue/webpack-simple/src/components/Issues.vue
FN:,(anonymous_0)
FN:,(anonymous_1)
FNF:2
FNH:2
FNDA:1,(anonymous_0)
FNDA:1,(anonymous_1)
DA:25,1
DA:35,1
DA:39,1
DA:40,1
DA:44,1
DA:45,1
LF:6
LH:6
BRF:0
BRH:0
end_of_record
TN:
SF:/home/tony/work/solo/boravue/webpack-simple/src/components/docs/test_utils.js
FN:,create_component
FNF:1
FNH:1
FNDA:2,create_component
DA:8,2
DA:9,2
DA:10,2
LF:3
LH:3
BRF:0
BRH:0
end_of_record
TN:
SF:/home/tony/work/solo/boravue/webpack-simple/src/components/docs/test_Issues.js
FN:,(anonymous_0)
FN:,(anonymous_1)
FN:,(anonymous_2)
FN:,(anonymous_3)
FN:,(anonymous_4)
FN:,(anonymous_5)
FN:,IssuesTester
FN:,enter_username
FN:,assert_repos
FN:,(anonymous_9)
FN:,assert_issues
FN:,(anonymous_11)
FN:,select_repo
FN:,(anonymous_13)
FNF:14
FNH:14
FNDA:1,(anonymous_0)
FNDA:1,(anonymous_1)
FNDA:1,(anonymous_2)
FNDA:1,(anonymous_3)
FNDA:1,(anonymous_4)
FNDA:1,(anonymous_5)
FNDA:1,IssuesTester
FNDA:1,enter_username
FNDA:1,assert_repos
FNDA:3,(anonymous_9)
FNDA:2,assert_issues
FNDA:2,(anonymous_11)
FNDA:1,select_repo
FNDA:3,(anonymous_13)
DA:6,1
DA:8,1
DA:9,1
DA:12,1
DA:13,1
DA:16,1
DA:17,1
DA:18,1
DA:19,1
DA:20,1
DA:21,1
DA:22,1
DA:23,1
DA:25,1
DA:26,1
DA:32,1
DA:40,1
DA:41,1
DA:42,1
DA:43,1
DA:47,1
DA:48,1
DA:49,3
DA:50,1
DA:51,2
DA:57,2
DA:58,2
DA:59,2
DA:60,1
DA:61,1
DA:67,3
DA:68,1
DA:69,1
DA:70,1
LF:34
LH:34
BRDA:,0,0,1
BRDA:,0,1,0
BRDA:,1,0,1
BRDA:,1,1,1
BRDA:,2,0,1
BRDA:,2,1,1
BRDA:,3,0,2
BRDA:,3,1,1
BRF:8
BRH:7
end_of_record
TN:
SF:/home/tony/work/solo/boravue/webpack-simple/src/components/Todo.vue
FNF:0
FNH:0
DA:19,1
DA:27,1
DA:31,1
DA:32,1
DA:35,0
DA:36,0
DA:37,0
LF:7
LH:4
BRDA:,0,0,0
BRDA:,0,1,0
BRF:2
BRH:0
end_of_record
TN:
SF:/home/tony/work/solo/boravue/webpack-simple/src/components/docs/test_Todo.js
FN:,(anonymous_0)
FN:,(anonymous_1)
FNF:2
FNH:2
FNDA:1,(anonymous_0)
FNDA:1,(anonymous_1)
DA:4,1
DA:5,1
DA:6,1
DA:7,1
DA:8,1
DA:9,1
DA:10,1
DA:11,1
DA:12,1
LF:9
LH:9
BRF:0
BRH:0
end_of_record
